[
  {
    "line": 1,
    "elements": [
      {
        "line": 3,
        "name": "",
        "description": "",
        "type": "background",
        "keyword": "Background",
        "steps": [
          {
            "result": {
              "duration": 63227586232,
              "status": "passed"
            },
            "line": 4,
            "name": "the user is on registration page",
            "match": {
              "location": "RegistrationTest.the_user_is_on_registration_page()"
            },
            "keyword": "Given "
          },
          {
            "result": {
              "duration": 3599504141,
              "status": "passed"
            },
            "line": 5,
            "name": "I enter login credentials and click on submit button",
            "match": {
              "location": "RegistrationTest.i_enter_login_credentials_and_click_on_submit_button(DataTable)"
            },
            "rows": [
              {
                "cells": [
                  "username",
                  "password"
                ],
                "line": 6
              },
              {
                "cells": [
                  "customer2@gmail.com",
                  "password1"
                ],
                "line": 7
              }
            ],
            "keyword": "Then "
          },
          {
            "result": {
              "duration": 50062579711,
              "error_message": "org.openqa.selenium.NoSuchElementException: no such element: Unable to locate element: {\"method\":\"xpath\",\"selector\":\"//div[@id\u003d\u0027block_top_menu\u0027]/ul/li[2]/a\"}\n  (Session info: chrome\u003d66.0.3359.139)\n  (Driver info: chromedriver\u003d2.37.544315 (730aa6a5fdba159ac9f4c1e8cbc59bf1b5ce12b7),platform\u003dWindows NT 10.0.16299 x86_64) (WARNING: The server did not provide any stacktrace information)\nCommand duration or timeout: 0 milliseconds\nFor documentation on this error, please visit: http://seleniumhq.org/exceptions/no_such_element.html\nBuild info: version: \u00273.7.1\u0027, revision: \u00278a0099a\u0027, time: \u00272017-11-06T21:01:39.354Z\u0027\nSystem info: host: \u0027DESKTOP-K9519T8\u0027, ip: \u0027192.168.0.4\u0027, os.name: \u0027Windows 10\u0027, os.arch: \u0027amd64\u0027, os.version: \u002710.0\u0027, java.version: \u00271.8.0_151\u0027\nDriver info: org.openqa.selenium.chrome.ChromeDriver\nCapabilities {acceptInsecureCerts: false, acceptSslCerts: false, applicationCacheEnabled: false, browserConnectionEnabled: false, browserName: chrome, chrome: {chromedriverVersion: 2.37.544315 (730aa6a5fdba15..., userDataDir: C:\\Users\\SHRAWA~1\\AppData\\L...}, cssSelectorsEnabled: true, databaseEnabled: false, handlesAlerts: true, hasTouchScreen: false, javascriptEnabled: true, locationContextEnabled: true, mobileEmulationEnabled: false, nativeEvents: true, networkConnectionEnabled: false, pageLoadStrategy: normal, platform: XP, platformName: XP, rotatable: false, setWindowRect: true, takesHeapSnapshot: true, takesScreenshot: true, unexpectedAlertBehaviour: , unhandledPromptBehavior: , version: 66.0.3359.139, webStorageEnabled: true}\nSession ID: f92d3703e4ec13bb1a55c083ffd789dc\n*** Element info: {Using\u003dxpath, value\u003d//div[@id\u003d\u0027block_top_menu\u0027]/ul/li[2]/a}\r\n\tat sun.reflect.NativeConstructorAccessorImpl.newInstance0(Native Method)\r\n\tat sun.reflect.NativeConstructorAccessorImpl.newInstance(NativeConstructorAccessorImpl.java:62)\r\n\tat sun.reflect.DelegatingConstructorAccessorImpl.newInstance(DelegatingConstructorAccessorImpl.java:45)\r\n\tat java.lang.reflect.Constructor.newInstance(Constructor.java:423)\r\n\tat org.openqa.selenium.remote.ErrorHandler.createThrowable(ErrorHandler.java:214)\r\n\tat org.openqa.selenium.remote.ErrorHandler.throwIfResponseFailed(ErrorHandler.java:166)\r\n\tat org.openqa.selenium.remote.http.JsonHttpResponseCodec.reconstructValue(JsonHttpResponseCodec.java:40)\r\n\tat org.openqa.selenium.remote.http.AbstractHttpResponseCodec.decode(AbstractHttpResponseCodec.java:80)\r\n\tat org.openqa.selenium.remote.http.AbstractHttpResponseCodec.decode(AbstractHttpResponseCodec.java:44)\r\n\tat org.openqa.selenium.remote.HttpCommandExecutor.execute(HttpCommandExecutor.java:164)\r\n\tat org.openqa.selenium.remote.service.DriverCommandExecutor.execute(DriverCommandExecutor.java:83)\r\n\tat org.openqa.selenium.remote.RemoteWebDriver.execute(RemoteWebDriver.java:600)\r\n\tat org.openqa.selenium.remote.RemoteWebDriver.findElement(RemoteWebDriver.java:370)\r\n\tat org.openqa.selenium.remote.RemoteWebDriver.findElementByXPath(RemoteWebDriver.java:472)\r\n\tat org.openqa.selenium.By$ByXPath.findElement(By.java:361)\r\n\tat org.openqa.selenium.remote.RemoteWebDriver.findElement(RemoteWebDriver.java:362)\r\n\tat org.openqa.selenium.support.pagefactory.DefaultElementLocator.findElement(DefaultElementLocator.java:69)\r\n\tat org.openqa.selenium.support.pagefactory.internal.LocatingElementHandler.invoke(LocatingElementHandler.java:38)\r\n\tat com.sun.proxy.$Proxy19.getCoordinates(Unknown Source)\r\n\tat org.openqa.selenium.interactions.internal.MouseAction.getActionLocation(MouseAction.java:65)\r\n\tat org.openqa.selenium.interactions.MoveMouseAction.perform(MoveMouseAction.java:43)\r\n\tat org.openqa.selenium.interactions.CompositeAction.perform(CompositeAction.java:36)\r\n\tat org.openqa.selenium.interactions.Actions$BuiltAction.perform(Actions.java:641)\r\n\tat methods.MyAccountHomePageMethods.goToSummerDresses(MyAccountHomePageMethods.java:18)\r\n\tat stepDefinitions.SummerDressesTest.i_go_to_Summer_Dresses_Page_from_menu_Dresses_Summer_Dresses(SummerDressesTest.java:28)\r\n\tat ✽.Then I go to Summer Dresses Page from menu Dresses-\u003eSummer Dresses(C:/WorkspaceInfy/AutomationDemo/src/test/resources/Features/SummerDresses.feature:8)\r\n",
              "status": "failed"
            },
            "line": 8,
            "name": "I go to Summer Dresses Page from menu Dresses-\u003eSummer Dresses",
            "match": {
              "location": "SummerDressesTest.i_go_to_Summer_Dresses_Page_from_menu_Dresses_Summer_Dresses()"
            },
            "keyword": "Then "
          }
        ]
      },
      {
        "before": [
          {
            "result": {
              "duration": 807069,
              "status": "passed"
            },
            "match": {
              "location": "Hooks.setUp()"
            }
          }
        ],
        "line": 11,
        "name": "To verify sort by price ascending works properly",
        "description": "",
        "id": "summer-dresses;to-verify-sort-by-price-ascending-works-properly",
        "after": [
          {
            "result": {
              "duration": 657905086,
              "status": "passed"
            },
            "match": {
              "location": "Hooks.tearDown()"
            }
          }
        ],
        "type": "scenario",
        "keyword": "Scenario",
        "steps": [
          {
            "result": {
              "status": "skipped"
            },
            "line": 12,
            "name": "I select sort by price Lowest first to check its sorted properly",
            "match": {
              "location": "SummerDressesTest.i_select_sort_by_price_Lowest_first_to_check_its_sorted_properly()"
            },
            "keyword": "Then "
          }
        ],
        "tags": [
          {
            "line": 10,
            "name": "@SummerDress"
          },
          {
            "line": 10,
            "name": "@Demo"
          }
        ]
      },
      {
        "line": 3,
        "name": "",
        "description": "",
        "type": "background",
        "keyword": "Background",
        "steps": [
          {
            "result": {
              "duration": 61848317313,
              "status": "passed"
            },
            "line": 4,
            "name": "the user is on registration page",
            "match": {
              "location": "RegistrationTest.the_user_is_on_registration_page()"
            },
            "keyword": "Given "
          },
          {
            "result": {
              "duration": 11341675958,
              "status": "passed"
            },
            "line": 5,
            "name": "I enter login credentials and click on submit button",
            "match": {
              "location": "RegistrationTest.i_enter_login_credentials_and_click_on_submit_button(DataTable)"
            },
            "rows": [
              {
                "cells": [
                  "username",
                  "password"
                ],
                "line": 6
              },
              {
                "cells": [
                  "customer2@gmail.com",
                  "password1"
                ],
                "line": 7
              }
            ],
            "keyword": "Then "
          },
          {
            "result": {
              "duration": 10421994221,
              "status": "passed"
            },
            "line": 8,
            "name": "I go to Summer Dresses Page from menu Dresses-\u003eSummer Dresses",
            "match": {
              "location": "SummerDressesTest.i_go_to_Summer_Dresses_Page_from_menu_Dresses_Summer_Dresses()"
            },
            "keyword": "Then "
          }
        ]
      },
      {
        "comments": [
          {
            "line": 15,
            "value": "#@SummerDress @Demo"
          },
          {
            "line": 16,
            "value": "#Scenario: To verify sort by price descending works properly"
          },
          {
            "line": 17,
            "value": "#Then I select sort by price Highest first to check its sorted properly"
          }
        ],
        "before": [
          {
            "result": {
              "duration": 740241,
              "status": "passed"
            },
            "match": {
              "location": "Hooks.setUp()"
            }
          }
        ],
        "line": 20,
        "name": "To verify user selects a dress and change color to Blue",
        "description": "",
        "id": "summer-dresses;to-verify-user-selects-a-dress-and-change-color-to-blue",
        "after": [
          {
            "result": {
              "duration": 739148650,
              "status": "passed"
            },
            "match": {
              "location": "Hooks.tearDown()"
            }
          }
        ],
        "type": "scenario",
        "keyword": "Scenario",
        "steps": [
          {
            "result": {
              "duration": 2124940433,
              "status": "passed"
            },
            "line": 21,
            "name": "I select  a particular dress",
            "match": {
              "location": "SummerDressesTest.i_select_a_particular_dress()"
            },
            "keyword": "Then "
          },
          {
            "result": {
              "duration": 21720434,
              "error_message": "java.lang.AssertionError: expected [Printed Summer Dress - My Store] but found []\r\n\tat org.testng.Assert.fail(Assert.java:93)\r\n\tat org.testng.Assert.failNotEquals(Assert.java:512)\r\n\tat org.testng.Assert.assertEqualsImpl(Assert.java:134)\r\n\tat org.testng.Assert.assertEquals(Assert.java:115)\r\n\tat org.testng.Assert.assertEquals(Assert.java:189)\r\n\tat org.testng.Assert.assertEquals(Assert.java:199)\r\n\tat methods.AddToCartPageMethods.validateTitle(AddToCartPageMethods.java:17)\r\n\tat stepDefinitions.AddToCartTest.i_verify_if_I_am_landed_on_AddToCart_page(AddToCartTest.java:25)\r\n\tat ✽.And I verify if I am landed on AddToCart page(C:/WorkspaceInfy/AutomationDemo/src/test/resources/Features/SummerDresses.feature:22)\r\n",
              "status": "failed"
            },
            "line": 22,
            "name": "I verify if I am landed on AddToCart page",
            "match": {
              "location": "AddToCartTest.i_verify_if_I_am_landed_on_AddToCart_page()"
            },
            "keyword": "And "
          },
          {
            "result": {
              "status": "skipped"
            },
            "line": 23,
            "name": "I change the colour to blue",
            "match": {
              "location": "AddToCartTest.i_change_the_colour_to_blue()"
            },
            "keyword": "Then "
          },
          {
            "result": {
              "status": "skipped"
            },
            "line": 24,
            "name": "I add the item to cart",
            "match": {
              "location": "AddToCartTest.i_add_the_item_to_cart()"
            },
            "keyword": "And "
          }
        ],
        "tags": [
          {
            "line": 19,
            "name": "@SummerDress"
          },
          {
            "line": 19,
            "name": "@Demo"
          }
        ]
      }
    ],
    "name": "Summer Dresses",
    "description": "",
    "id": "summer-dresses",
    "keyword": "Feature",
    "uri": "C:/WorkspaceInfy/AutomationDemo/src/test/resources/Features/SummerDresses.feature"
  }
]