-------------------------------------------------------------------------------
Test set: Parallel05IT
-------------------------------------------------------------------------------
Tests run: 1, Failures: 1, Errors: 0, Skipped: 0, Time elapsed: 204.859 s <<< FAILURE! - in Parallel05IT
feature(Parallel05IT)  Time elapsed: 204.579 s  <<< FAILURE!
cucumber.runtime.CucumberException: java.lang.AssertionError: expected [true] but found [false]
Caused by: java.lang.AssertionError: expected [true] but found [false]

