<?xml version="1.0" encoding="UTF-8"?>
<testng-results skipped="0" failed="0" ignored="0" total="1" passed="1">
  <reporter-output>
  </reporter-output>
  <suite name="Surefire suite" duration-ms="189778" started-at="2018-05-07T12:40:42Z" finished-at="2018-05-07T12:43:52Z">
    <groups>
      <group name="cucumber">
        <method signature="AbstractTestNGCucumberTests.feature(cucumber.api.testng.CucumberFeatureWrapper)[pri:0, instance:Parallel10IT@456abb66]" name="feature" class="cucumber.api.testng.AbstractTestNGCucumberTests"/>
      </group> <!-- cucumber -->
    </groups>
    <test name="Surefire test" duration-ms="189778" started-at="2018-05-07T12:40:42Z" finished-at="2018-05-07T12:43:52Z">
      <class name="Parallel10IT">
        <test-method status="PASS" signature="setUpClass()[pri:0, instance:Parallel10IT@456abb66]" name="setUpClass" is-config="true" duration-ms="23" started-at="2018-05-07T18:10:42Z" finished-at="2018-05-07T18:10:42Z">
          <reporter-output>
          </reporter-output>
        </test-method> <!-- setUpClass -->
        <test-method status="PASS" signature="feature(cucumber.api.testng.CucumberFeatureWrapper)[pri:0, instance:Parallel10IT@456abb66]" name="feature" duration-ms="189748" started-at="2018-05-07T18:10:42Z" description="Runs Cucumber Feature" data-provider="features" finished-at="2018-05-07T18:13:52Z">
          <params>
            <param index="0">
              <value>
                <![CDATA[Summer Dresses]]>
              </value>
            </param>
          </params>
          <reporter-output>
          </reporter-output>
        </test-method> <!-- feature -->
        <test-method status="PASS" signature="tearDownClass()[pri:0, instance:Parallel10IT@456abb66]" name="tearDownClass" is-config="true" duration-ms="3" started-at="2018-05-07T18:13:52Z" finished-at="2018-05-07T18:13:52Z">
          <reporter-output>
          </reporter-output>
        </test-method> <!-- tearDownClass -->
      </class> <!-- Parallel10IT -->
    </test> <!-- Surefire test -->
  </suite> <!-- Surefire suite -->
</testng-results>
