<?xml version="1.0" encoding="UTF-8"?>
<testsuite xmlns:xsi="http://www.w3.org/2001/XMLSchema-instance" xsi:noNamespaceSchemaLocation="https://maven.apache.org/surefire/maven-surefire-plugin/xsd/surefire-test-report.xsd" name="Parallel05IT" time="204.859" tests="1" errors="0" skipped="0" failures="1">
  <properties>
[...]
</properties>
  <testcase name="feature" classname="Parallel05IT" time="204.579">
    <failure message="java.lang.AssertionError: expected [true] but found [false]" type="cucumber.runtime.CucumberException">cucumber.runtime.CucumberException: java.lang.AssertionError: expected [true] but found [false]
Caused by: java.lang.AssertionError: expected [true] but found [false]
</failure>
    <system-out><![CDATA[We are on Registration Page
We are on SummerDresses Page
Size of price is 3
Values in price is $28.98
Values in price is $30.50
Values in price is $16.40
We are on Registration Page
We are on SummerDresses Page
]]></system-out>
    <system-err><![CDATA[Starting ChromeDriver 2.37.544315 (730aa6a5fdba159ac9f4c1e8cbc59bf1b5ce12b7) on port 45816
Only local connections are allowed.
May 07, 2018 2:13:53 PM org.openqa.selenium.remote.ProtocolHandshake createSession
INFO: Detected dialect: OSS
Starting ChromeDriver 2.37.544315 (730aa6a5fdba159ac9f4c1e8cbc59bf1b5ce12b7) on port 37371
Only local connections are allowed.
May 07, 2018 2:15:23 PM org.openqa.selenium.remote.ProtocolHandshake createSession
INFO: Detected dialect: OSS
]]></system-err>
  </testcase>
</testsuite>